<?xml version="1.0" encoding="UTF-8"?>
<!-- Generated by org.testng.reporters.JUnitXMLReporter -->
<testsuite hostname="LAPTOP-AGEE0J4V" name="Test" tests="4" failures="0" timestamp="11 Dec 2019 18:01:59 GMT" time="65.854" errors="0">
  <testcase name="basePageNavigation" time="18.637" classname="Academy.HomePage"/>
  <testcase name="basePageNavigation" time="19.275" classname="Academy.HomePage"/>
  <testcase name="basePageNavigation" time="9.155" classname="Academy.validateNavigationBar"/>
  <testcase name="basePageNavigation" time="10.03" classname="Academy.validateTitle"/>
</testsuite> <!-- Test -->
