<?xml version="1.0" encoding="UTF-8"?>
<!-- Generated by org.testng.reporters.JUnitXMLReporter -->
<testsuite hostname="LAPTOP-AGEE0J4V" ignored="0" name="Validating navigation bar" tests="1" failures="0" timestamp="2019-12-18T23:01:58 IST" time="0.012" errors="0">
  <testcase name="@BeforeTest intialize" time="0.0" classname="Academy.validateNavigationBar">
    <failure type="java.lang.NullPointerException">
      <![CDATA[java.lang.NullPointerException
at resources.Base.initializeDriver(Base.java:30)
at Academy.validateNavigationBar.intialize(validateNavigationBar.java:23)
... Removed 24 stack frames]]>
    </failure>
  </testcase> <!-- @BeforeTest intialize -->
  <testcase name="@AfterTest teardown" time="-1.576690318376E9" classname="Academy.validateNavigationBar">
    <skipped/>
  </testcase> <!-- @AfterTest teardown -->
  <testcase name="validateAppNavBar" time="0.0" classname="Academy.validateNavigationBar">
    <skipped/>
  </testcase> <!-- validateAppNavBar -->
</testsuite> <!-- Validating navigation bar -->
