<?xml version="1.0" encoding="UTF-8"?>
<!-- Generated by org.testng.reporters.JUnitXMLReporter -->
<testsuite hostname="LAPTOP-AGEE0J4V" name="Test" tests="4" failures="0" timestamp="14 Dec 2019 06:01:56 GMT" time="81.957" errors="0">
  <testcase name="basePageNavigation" time="28.828" classname="Academy.HomePage"/>
  <testcase name="basePageNavigation" time="7.823" classname="Academy.HomePage"/>
  <testcase name="basePageNavigation" time="0.109" classname="Academy.validateNavigationBar"/>
  <testcase name="basePageNavigation" time="8.939" classname="Academy.validateTitle"/>
</testsuite> <!-- Test -->
